c:\users\gsmol\source\repos\pustoteautoclicker\pustoteautoclicker\x64\release\vc143.pdb
c:\users\gsmol\source\repos\pustoteautoclicker\pustoteautoclicker\x64\release\ui.obj
c:\users\gsmol\source\repos\pustoteautoclicker\pustoteautoclicker\x64\release\gui_functions.obj
c:\users\gsmol\source\repos\pustoteautoclicker\pustoteautoclicker\x64\release\imgui_widgets.obj
c:\users\gsmol\source\repos\pustoteautoclicker\pustoteautoclicker\x64\release\imgui_tables.obj
c:\users\gsmol\source\repos\pustoteautoclicker\pustoteautoclicker\x64\release\imgui_stdlib.obj
c:\users\gsmol\source\repos\pustoteautoclicker\pustoteautoclicker\x64\release\imgui_impl_win32.obj
c:\users\gsmol\source\repos\pustoteautoclicker\pustoteautoclicker\x64\release\imgui_impl_dx11.obj
c:\users\gsmol\source\repos\pustoteautoclicker\pustoteautoclicker\x64\release\imgui_draw.obj
c:\users\gsmol\source\repos\pustoteautoclicker\pustoteautoclicker\x64\release\imgui_demo.obj
c:\users\gsmol\source\repos\pustoteautoclicker\pustoteautoclicker\x64\release\imgui.obj
c:\users\gsmol\source\repos\pustoteautoclicker\pustoteautoclicker\x64\release\pustoteautoclicker.obj
c:\users\gsmol\source\repos\pustoteautoclicker\x64\release\pustoteautoclicker.exe
c:\users\gsmol\source\repos\pustoteautoclicker\x64\release\pustoteautoclicker.pdb
c:\users\gsmol\source\repos\pustoteautoclicker\pustoteautoclicker\x64\release\pustoteautoclicker.ipdb
c:\users\gsmol\source\repos\pustoteautoclicker\pustoteautoclicker\x64\release\pustoteautoclicker.iobj
c:\users\gsmol\source\repos\pustoteautoclicker\pustoteautoclicker\x64\release\functions.obj
c:\users\gsmol\source\repos\pustoteautoclicker\pustoteautoclicker\x64\release\pastedfunctions.obj
c:\users\gsmol\source\repos\pustoteautoclicker\pustoteautoclicker\x64\release\resource.res
c:\users\gsmol\source\repos\pustoteautoclicker\pustoteautoclicker\x64\release\pustotea.20266ebc.tlog\cl.command.1.tlog
c:\users\gsmol\source\repos\pustoteautoclicker\pustoteautoclicker\x64\release\pustotea.20266ebc.tlog\cl.items.tlog
c:\users\gsmol\source\repos\pustoteautoclicker\pustoteautoclicker\x64\release\pustotea.20266ebc.tlog\cl.read.1.tlog
c:\users\gsmol\source\repos\pustoteautoclicker\pustoteautoclicker\x64\release\pustotea.20266ebc.tlog\cl.write.1.tlog
c:\users\gsmol\source\repos\pustoteautoclicker\pustoteautoclicker\x64\release\pustotea.20266ebc.tlog\link.command.1.tlog
c:\users\gsmol\source\repos\pustoteautoclicker\pustoteautoclicker\x64\release\pustotea.20266ebc.tlog\link.read.1.tlog
c:\users\gsmol\source\repos\pustoteautoclicker\pustoteautoclicker\x64\release\pustotea.20266ebc.tlog\link.secondary.1.tlog
c:\users\gsmol\source\repos\pustoteautoclicker\pustoteautoclicker\x64\release\pustotea.20266ebc.tlog\link.write.1.tlog
c:\users\gsmol\source\repos\pustoteautoclicker\pustoteautoclicker\x64\release\pustotea.20266ebc.tlog\rc.command.1.tlog
